2025-04-08 01:33:08.069636 - Received CBT.V508.FILE091.PDS from FILE091.XMI 
2025-04-08 01:33:08.075128 - Found $$$#DATE.txt (text/plain) in CBT.V508.FILE091.PDS, moved to PDS/$$$#DATE
2025-04-08 01:33:08.076961 - Found $$PROSE.txt (text/plain) in CBT.V508.FILE091.PDS, moved to PDS/$$PROSE
2025-04-08 01:33:08.078768 - Found @FILE091.txt (text/plain) in CBT.V508.FILE091.PDS, moved to PDS/@FILE091
2025-04-08 01:33:08.080264 - Found ALGOFC.txt (text/plain) in CBT.V508.FILE091.PDS, moved to PDS/ALGOFC
2025-04-08 01:33:08.081862 - Found ALGOFCG.txt (text/plain) in CBT.V508.FILE091.PDS, moved to PDS/ALGOFCG
2025-04-08 01:33:08.083417 - Found ALGOFCL.txt (text/plain) in CBT.V508.FILE091.PDS, moved to PDS/ALGOFCL
2025-04-08 01:33:08.085061 - Found ALGOFCLG.txt (text/plain) in CBT.V508.FILE091.PDS, moved to PDS/ALGOFCLG
2025-04-08 01:33:08.087375 - Found COBSAMP.jcl (text/plain) in CBT.V508.FILE091.PDS, moved to PDS/COBSAMP
2025-04-08 01:33:08.088938 - Found FORTGC.txt (text/plain) in CBT.V508.FILE091.PDS, moved to PDS/FORTGC
2025-04-08 01:33:08.090739 - Found FORTGCG.txt (text/plain) in CBT.V508.FILE091.PDS, moved to PDS/FORTGCG
2025-04-08 01:33:08.092434 - Found FORTGCL.txt (text/plain) in CBT.V508.FILE091.PDS, moved to PDS/FORTGCL
2025-04-08 01:33:08.094043 - Found FORTGCLG.txt (text/plain) in CBT.V508.FILE091.PDS, moved to PDS/FORTGCLG
2025-04-08 01:33:08.095585 - Found FORTGLG.txt (text/plain) in CBT.V508.FILE091.PDS, moved to PDS/FORTGLG
2025-04-08 01:33:08.097132 - Found FORTHC.txt (text/plain) in CBT.V508.FILE091.PDS, moved to PDS/FORTHC
2025-04-08 01:33:08.098694 - Found FORTHCG.txt (text/plain) in CBT.V508.FILE091.PDS, moved to PDS/FORTHCG
2025-04-08 01:33:08.100156 - Found FORTHCL.txt (text/plain) in CBT.V508.FILE091.PDS, moved to PDS/FORTHCL
2025-04-08 01:33:08.101828 - Found FORTHCLG.txt (text/plain) in CBT.V508.FILE091.PDS, moved to PDS/FORTHCLG
2025-04-08 01:33:08.103411 - Found FORTHLG.txt (text/plain) in CBT.V508.FILE091.PDS, moved to PDS/FORTHLG
2025-04-08 01:33:08.105111 - Found GSPSAMP.jcl (text/plain) in CBT.V508.FILE091.PDS, moved to PDS/GSPSAMP
2025-04-08 01:33:08.106812 - Found IEMSP2.jcl (text/plain) in CBT.V508.FILE091.PDS, moved to PDS/IEMSP2
2025-04-08 01:33:08.108906 - Found IEPSAMP.jcl (text/plain) in CBT.V508.FILE091.PDS, moved to PDS/IEPSAMP
2025-04-08 01:33:08.110879 - Found IEUESP.txt (text/plain) in CBT.V508.FILE091.PDS, moved to PDS/IEUESP
2025-04-08 01:33:08.112477 - Found IEXSAMP.jcl (text/plain) in CBT.V508.FILE091.PDS, moved to PDS/IEXSAMP
2025-04-08 01:33:08.114095 - Found IEYSP.jcl (text/plain) in CBT.V508.FILE091.PDS, moved to PDS/IEYSP
2025-04-08 01:33:08.115656 - Found IKDSAMPL.jcl (text/plain) in CBT.V508.FILE091.PDS, moved to PDS/IKDSAMPL
2025-04-08 01:33:08.117149 - Found IKFSAMP.jcl (text/plain) in CBT.V508.FILE091.PDS, moved to PDS/IKFSAMP
2025-04-08 01:33:08.118668 - Found PL1LFC.txt (text/plain) in CBT.V508.FILE091.PDS, moved to PDS/PL1LFC
2025-04-08 01:33:08.120231 - Found PL1LFCG.txt (text/plain) in CBT.V508.FILE091.PDS, moved to PDS/PL1LFCG
2025-04-08 01:33:08.121856 - Found PL1LFCL.txt (text/plain) in CBT.V508.FILE091.PDS, moved to PDS/PL1LFCL
2025-04-08 01:33:08.123519 - Found PL1LFCLG.txt (text/plain) in CBT.V508.FILE091.PDS, moved to PDS/PL1LFCLG
2025-04-08 01:33:08.125195 - Found PL1LFLG.txt (text/plain) in CBT.V508.FILE091.PDS, moved to PDS/PL1LFLG
2025-04-08 01:33:08.126797 - Found PL1SAMP.txt (text/plain) in CBT.V508.FILE091.PDS, moved to PDS/PL1SAMP
2025-04-08 01:33:08.128281 - Found RPG$GEN.txt (text/plain) in CBT.V508.FILE091.PDS, moved to PDS/RPG$GEN
2025-04-08 01:33:08.129858 - Found RPGEC.txt (text/plain) in CBT.V508.FILE091.PDS, moved to PDS/RPGEC
2025-04-08 01:33:08.131364 - Found RPGECLG.txt (text/plain) in CBT.V508.FILE091.PDS, moved to PDS/RPGECLG
2025-04-08 01:33:08.132988 - Found RPGELG.txt (text/plain) in CBT.V508.FILE091.PDS, moved to PDS/RPGELG
2025-04-08 01:33:08.134423 - Found RPGSAMP.txt (text/plain) in CBT.V508.FILE091.PDS, moved to PDS/RPGSAMP
2025-04-08 01:33:08.136060 - Found RPGSMPL.jcl (text/plain) in CBT.V508.FILE091.PDS, moved to PDS/RPGSMPL
